This is pdfTeX, Version 3.14159265-2.6-1.40.16 (MiKTeX 2.9) (preloaded format=pdflatex 2016.3.2)  26 JUL 2016 11:08
entering extended mode
**./main.tex
(main.tex
LaTeX2e <2015/10/01> patch level 2
Babel <3.9n> and hyphenation patterns for 69 languages loaded.
("C:\Program Files (x86)\MiKTeX 2.9\tex\latex\base\article.cls"
Document Class: article 2014/09/29 v1.4h Standard LaTeX document class
("C:\Program Files (x86)\MiKTeX 2.9\tex\latex\base\size10.clo"
File: size10.clo 2014/09/29 v1.4h Standard LaTeX file (size option)
)
\c@part=\count79
\c@section=\count80
\c@subsection=\count81
\c@subsubsection=\count82
\c@paragraph=\count83
\c@subparagraph=\count84
\c@figure=\count85
\c@table=\count86
\abovecaptionskip=\skip41
\belowcaptionskip=\skip42
\bibindent=\dimen102
)
("C:\Program Files (x86)\MiKTeX 2.9\tex\latex\base\inputenc.sty"
Package: inputenc 2015/03/17 v1.2c Input encoding file
\inpenc@prehook=\toks14
\inpenc@posthook=\toks15

("C:\Program Files (x86)\MiKTeX 2.9\tex\latex\base\utf8.def"
File: utf8.def 2015/09/07 v1.1p UTF-8 support for inputenc
Now handling font encoding OML ...
... no UTF-8 mapping file for font encoding OML
Now handling font encoding T1 ...
... processing UTF-8 mapping file for font encoding T1

("C:\Program Files (x86)\MiKTeX 2.9\tex\latex\base\t1enc.dfu"
File: t1enc.dfu 2015/09/07 v1.1p UTF-8 support for inputenc
   defining Unicode char U+00A0 (decimal 160)
   defining Unicode char U+00A1 (decimal 161)
   defining Unicode char U+00A3 (decimal 163)
   defining Unicode char U+00AB (decimal 171)
   defining Unicode char U+00AD (decimal 173)
   defining Unicode char U+00BB (decimal 187)
   defining Unicode char U+00BF (decimal 191)
   defining Unicode char U+00C0 (decimal 192)
   defining Unicode char U+00C1 (decimal 193)
   defining Unicode char U+00C2 (decimal 194)
   defining Unicode char U+00C3 (decimal 195)
   defining Unicode char U+00C4 (decimal 196)
   defining Unicode char U+00C5 (decimal 197)
   defining Unicode char U+00C6 (decimal 198)
   defining Unicode char U+00C7 (decimal 199)
   defining Unicode char U+00C8 (decimal 200)
   defining Unicode char U+00C9 (decimal 201)
   defining Unicode char U+00CA (decimal 202)
   defining Unicode char U+00CB (decimal 203)
   defining Unicode char U+00CC (decimal 204)
   defining Unicode char U+00CD (decimal 205)
   defining Unicode char U+00CE (decimal 206)
   defining Unicode char U+00CF (decimal 207)
   defining Unicode char U+00D0 (decimal 208)
   defining Unicode char U+00D1 (decimal 209)
   defining Unicode char U+00D2 (decimal 210)
   defining Unicode char U+00D3 (decimal 211)
   defining Unicode char U+00D4 (decimal 212)
   defining Unicode char U+00D5 (decimal 213)
   defining Unicode char U+00D6 (decimal 214)
   defining Unicode char U+00D8 (decimal 216)
   defining Unicode char U+00D9 (decimal 217)
   defining Unicode char U+00DA (decimal 218)
   defining Unicode char U+00DB (decimal 219)
   defining Unicode char U+00DC (decimal 220)
   defining Unicode char U+00DD (decimal 221)
   defining Unicode char U+00DE (decimal 222)
   defining Unicode char U+00DF (decimal 223)
   defining Unicode char U+00E0 (decimal 224)
   defining Unicode char U+00E1 (decimal 225)
   defining Unicode char U+00E2 (decimal 226)
   defining Unicode char U+00E3 (decimal 227)
   defining Unicode char U+00E4 (decimal 228)
   defining Unicode char U+00E5 (decimal 229)
   defining Unicode char U+00E6 (decimal 230)
   defining Unicode char U+00E7 (decimal 231)
   defining Unicode char U+00E8 (decimal 232)
   defining Unicode char U+00E9 (decimal 233)
   defining Unicode char U+00EA (decimal 234)
   defining Unicode char U+00EB (decimal 235)
   defining Unicode char U+00EC (decimal 236)
   defining Unicode char U+00ED (decimal 237)
   defining Unicode char U+00EE (decimal 238)
   defining Unicode char U+00EF (decimal 239)
   defining Unicode char U+00F0 (decimal 240)
   defining Unicode char U+00F1 (decimal 241)
   defining Unicode char U+00F2 (decimal 242)
   defining Unicode char U+00F3 (decimal 243)
   defining Unicode char U+00F4 (decimal 244)
   defining Unicode char U+00F5 (decimal 245)
   defining Unicode char U+00F6 (decimal 246)
   defining Unicode char U+00F8 (decimal 248)
   defining Unicode char U+00F9 (decimal 249)
   defining Unicode char U+00FA (decimal 250)
   defining Unicode char U+00FB (decimal 251)
   defining Unicode char U+00FC (decimal 252)
   defining Unicode char U+00FD (decimal 253)
   defining Unicode char U+00FE (decimal 254)
   defining Unicode char U+00FF (decimal 255)
   defining Unicode char U+0102 (decimal 258)
   defining Unicode char U+0103 (decimal 259)
   defining Unicode char U+0104 (decimal 260)
   defining Unicode char U+0105 (decimal 261)
   defining Unicode char U+0106 (decimal 262)
   defining Unicode char U+0107 (decimal 263)
   defining Unicode char U+010C (decimal 268)
   defining Unicode char U+010D (decimal 269)
   defining Unicode char U+010E (decimal 270)
   defining Unicode char U+010F (decimal 271)
   defining Unicode char U+0110 (decimal 272)
   defining Unicode char U+0111 (decimal 273)
   defining Unicode char U+0118 (decimal 280)
   defining Unicode char U+0119 (decimal 281)
   defining Unicode char U+011A (decimal 282)
   defining Unicode char U+011B (decimal 283)
   defining Unicode char U+011E (decimal 286)
   defining Unicode char U+011F (decimal 287)
   defining Unicode char U+0130 (decimal 304)
   defining Unicode char U+0131 (decimal 305)
   defining Unicode char U+0132 (decimal 306)
   defining Unicode char U+0133 (decimal 307)
   defining Unicode char U+0139 (decimal 313)
   defining Unicode char U+013A (decimal 314)
   defining Unicode char U+013D (decimal 317)
   defining Unicode char U+013E (decimal 318)
   defining Unicode char U+0141 (decimal 321)
   defining Unicode char U+0142 (decimal 322)
   defining Unicode char U+0143 (decimal 323)
   defining Unicode char U+0144 (decimal 324)
   defining Unicode char U+0147 (decimal 327)
   defining Unicode char U+0148 (decimal 328)
   defining Unicode char U+014A (decimal 330)
   defining Unicode char U+014B (decimal 331)
   defining Unicode char U+0150 (decimal 336)
   defining Unicode char U+0151 (decimal 337)
   defining Unicode char U+0152 (decimal 338)
   defining Unicode char U+0153 (decimal 339)
   defining Unicode char U+0154 (decimal 340)
   defining Unicode char U+0155 (decimal 341)
   defining Unicode char U+0158 (decimal 344)
   defining Unicode char U+0159 (decimal 345)
   defining Unicode char U+015A (decimal 346)
   defining Unicode char U+015B (decimal 347)
   defining Unicode char U+015E (decimal 350)
   defining Unicode char U+015F (decimal 351)
   defining Unicode char U+0160 (decimal 352)
   defining Unicode char U+0161 (decimal 353)
   defining Unicode char U+0162 (decimal 354)
   defining Unicode char U+0163 (decimal 355)
   defining Unicode char U+0164 (decimal 356)
   defining Unicode char U+0165 (decimal 357)
   defining Unicode char U+016E (decimal 366)
   defining Unicode char U+016F (decimal 367)
   defining Unicode char U+0170 (decimal 368)
   defining Unicode char U+0171 (decimal 369)
   defining Unicode char U+0174 (decimal 372)
   defining Unicode char U+0175 (decimal 373)
   defining Unicode char U+0176 (decimal 374)
   defining Unicode char U+0177 (decimal 375)
   defining Unicode char U+0178 (decimal 376)
   defining Unicode char U+0179 (decimal 377)
   defining Unicode char U+017A (decimal 378)
   defining Unicode char U+017B (decimal 379)
   defining Unicode char U+017C (decimal 380)
   defining Unicode char U+017D (decimal 381)
   defining Unicode char U+017E (decimal 382)
   defining Unicode char U+0218 (decimal 536)
   defining Unicode char U+0219 (decimal 537)
   defining Unicode char U+021A (decimal 538)
   defining Unicode char U+021B (decimal 539)
   defining Unicode char U+200C (decimal 8204)
   defining Unicode char U+2013 (decimal 8211)
   defining Unicode char U+2014 (decimal 8212)
   defining Unicode char U+2018 (decimal 8216)
   defining Unicode char U+2019 (decimal 8217)
   defining Unicode char U+201A (decimal 8218)
   defining Unicode char U+201C (decimal 8220)
   defining Unicode char U+201D (decimal 8221)
   defining Unicode char U+201E (decimal 8222)
   defining Unicode char U+2030 (decimal 8240)
   defining Unicode char U+2031 (decimal 8241)
   defining Unicode char U+2039 (decimal 8249)
   defining Unicode char U+203A (decimal 8250)
   defining Unicode char U+2423 (decimal 9251)
)
Now handling font encoding OT1 ...
... processing UTF-8 mapping file for font encoding OT1

("C:\Program Files (x86)\MiKTeX 2.9\tex\latex\base\ot1enc.dfu"
File: ot1enc.dfu 2015/09/07 v1.1p UTF-8 support for inputenc
   defining Unicode char U+00A0 (decimal 160)
   defining Unicode char U+00A1 (decimal 161)
   defining Unicode char U+00A3 (decimal 163)
   defining Unicode char U+00AD (decimal 173)
   defining Unicode char U+00B8 (decimal 184)
   defining Unicode char U+00BF (decimal 191)
   defining Unicode char U+00C5 (decimal 197)
   defining Unicode char U+00C6 (decimal 198)
   defining Unicode char U+00D8 (decimal 216)
   defining Unicode char U+00DF (decimal 223)
   defining Unicode char U+00E6 (decimal 230)
   defining Unicode char U+00EC (decimal 236)
   defining Unicode char U+00ED (decimal 237)
   defining Unicode char U+00EE (decimal 238)
   defining Unicode char U+00EF (decimal 239)
   defining Unicode char U+00F8 (decimal 248)
   defining Unicode char U+0131 (decimal 305)
   defining Unicode char U+0141 (decimal 321)
   defining Unicode char U+0142 (decimal 322)
   defining Unicode char U+0152 (decimal 338)
   defining Unicode char U+0153 (decimal 339)
   defining Unicode char U+0174 (decimal 372)
   defining Unicode char U+0175 (decimal 373)
   defining Unicode char U+0176 (decimal 374)
   defining Unicode char U+0177 (decimal 375)
   defining Unicode char U+0218 (decimal 536)
   defining Unicode char U+0219 (decimal 537)
   defining Unicode char U+021A (decimal 538)
   defining Unicode char U+021B (decimal 539)
   defining Unicode char U+2013 (decimal 8211)
   defining Unicode char U+2014 (decimal 8212)
   defining Unicode char U+2018 (decimal 8216)
   defining Unicode char U+2019 (decimal 8217)
   defining Unicode char U+201C (decimal 8220)
   defining Unicode char U+201D (decimal 8221)
)
Now handling font encoding OMS ...
... processing UTF-8 mapping file for font encoding OMS

("C:\Program Files (x86)\MiKTeX 2.9\tex\latex\base\omsenc.dfu"
File: omsenc.dfu 2015/09/07 v1.1p UTF-8 support for inputenc
   defining Unicode char U+00A7 (decimal 167)
   defining Unicode char U+00B6 (decimal 182)
   defining Unicode char U+00B7 (decimal 183)
   defining Unicode char U+2020 (decimal 8224)
   defining Unicode char U+2021 (decimal 8225)
   defining Unicode char U+2022 (decimal 8226)
)
Now handling font encoding OMX ...
... no UTF-8 mapping file for font encoding OMX
Now handling font encoding U ...
... no UTF-8 mapping file for font encoding U
   defining Unicode char U+00A9 (decimal 169)
   defining Unicode char U+00AA (decimal 170)
   defining Unicode char U+00AE (decimal 174)
   defining Unicode char U+00BA (decimal 186)
   defining Unicode char U+02C6 (decimal 710)
   defining Unicode char U+02DC (decimal 732)
   defining Unicode char U+200C (decimal 8204)
   defining Unicode char U+2026 (decimal 8230)
   defining Unicode char U+2122 (decimal 8482)
   defining Unicode char U+2423 (decimal 9251)
))
("C:\Program Files (x86)\MiKTeX 2.9\tex\latex\graphics\graphicx.sty"
Package: graphicx 2014/10/28 v1.0g Enhanced LaTeX Graphics (DPC,SPQR)

("C:\Program Files (x86)\MiKTeX 2.9\tex\latex\graphics\keyval.sty"
Package: keyval 2014/10/28 v1.15 key=value parser (DPC)
\KV@toks@=\toks16
)
("C:\Program Files (x86)\MiKTeX 2.9\tex\latex\graphics\graphics.sty"
Package: graphics 2014/10/28 v1.0p Standard LaTeX Graphics (DPC,SPQR)

("C:\Program Files (x86)\MiKTeX 2.9\tex\latex\graphics\trig.sty"
Package: trig 1999/03/16 v1.09 sin cos tan (DPC)
)
("C:\Program Files (x86)\MiKTeX 2.9\tex\latex\00miktex\graphics.cfg"
File: graphics.cfg 2007/01/18 v1.5 graphics configuration of teTeX/TeXLive
)
Package graphics Info: Driver file: pdftex.def on input line 94.

("C:\Program Files (x86)\MiKTeX 2.9\tex\latex\pdftex-def\pdftex.def"
File: pdftex.def 2011/05/27 v0.06d Graphics/color for pdfTeX

("C:\Program Files (x86)\MiKTeX 2.9\tex\generic\oberdiek\infwarerr.sty"
Package: infwarerr 2010/04/08 v1.3 Providing info/warning/error messages (HO)
)
("C:\Program Files (x86)\MiKTeX 2.9\tex\generic\oberdiek\ltxcmds.sty"
Package: ltxcmds 2011/11/09 v1.22 LaTeX kernel commands for general use (HO)
)
\Gread@gobject=\count87
))
\Gin@req@height=\dimen103
\Gin@req@width=\dimen104
)
(C:\Users\bas\AppData\Roaming\MiKTeX\2.9\tex\latex\listings\listings.sty
\lst@mode=\count88
\lst@gtempboxa=\box26
\lst@token=\toks17
\lst@length=\count89
\lst@currlwidth=\dimen105
\lst@column=\count90
\lst@pos=\count91
\lst@lostspace=\dimen106
\lst@width=\dimen107
\lst@newlines=\count92
\lst@lineno=\count93
\lst@maxwidth=\dimen108

(C:\Users\bas\AppData\Roaming\MiKTeX\2.9\tex\latex\listings\lstmisc.sty
File: lstmisc.sty 2015/06/04 1.6 (Carsten Heinz)
\c@lstnumber=\count94
\lst@skipnumbers=\count95
\lst@framebox=\box27
)
(C:\Users\bas\AppData\Roaming\MiKTeX\2.9\tex\latex\listings\listings.cfg
File: listings.cfg 2015/06/04 1.6 listings configuration
))
Package: listings 2015/06/04 1.6 (Carsten Heinz)

("C:\Program Files (x86)\MiKTeX 2.9\tex\latex\graphics\color.sty"
Package: color 2014/10/28 v1.1a Standard LaTeX Color (DPC)

("C:\Program Files (x86)\MiKTeX 2.9\tex\latex\00miktex\color.cfg"
File: color.cfg 2007/01/18 v1.5 color configuration of teTeX/TeXLive
)
Package color Info: Driver file: pdftex.def on input line 142.
)
("C:\Program Files (x86)\MiKTeX 2.9\tex\latex\float\float.sty"
Package: float 2001/11/08 v1.3d Float enhancements (AL)
\c@float@type=\count96
\float@exts=\toks18
\float@box=\box28
\@float@everytoks=\toks19
\@floatcapt=\box29
)
(C:\Users\bas\AppData\Roaming\MiKTeX\2.9\tex\latex\caption\subcaption.sty
Package: subcaption 2016/05/22 v1.1-161 Sub-captions (AR)

(C:\Users\bas\AppData\Roaming\MiKTeX\2.9\tex\latex\caption\caption.sty
Package: caption 2016/02/21 v3.3-144 Customizing captions (AR)

(C:\Users\bas\AppData\Roaming\MiKTeX\2.9\tex\latex\caption\caption3.sty
Package: caption3 2016/05/22 v1.7-166 caption3 kernel (AR)
Package caption3 Info: TeX engine: e-TeX on input line 67.
\captionmargin=\dimen109
\captionmargin@=\dimen110
\captionwidth=\dimen111
\caption@tempdima=\dimen112
\caption@indent=\dimen113
\caption@parindent=\dimen114
\caption@hangindent=\dimen115
)
\c@ContinuedFloat=\count97
Package caption Info: float package is loaded.
Package caption Info: listings package is loaded.
)
\c@subfigure=\count98
\c@subtable=\count99
)
(C:\Users\bas\AppData\Roaming\MiKTeX\2.9\tex\latex\listings\lstlang1.sty
File: lstlang1.sty 2015/06/04 1.6 listings language file
)
(main.aux)
\openout1 = `main.aux'.

LaTeX Font Info:    Checking defaults for OML/cmm/m/it on input line 41.
LaTeX Font Info:    ... okay on input line 41.
LaTeX Font Info:    Checking defaults for T1/cmr/m/n on input line 41.
LaTeX Font Info:    ... okay on input line 41.
LaTeX Font Info:    Checking defaults for OT1/cmr/m/n on input line 41.
LaTeX Font Info:    ... okay on input line 41.
LaTeX Font Info:    Checking defaults for OMS/cmsy/m/n on input line 41.
LaTeX Font Info:    ... okay on input line 41.
LaTeX Font Info:    Checking defaults for OMX/cmex/m/n on input line 41.
LaTeX Font Info:    ... okay on input line 41.
LaTeX Font Info:    Checking defaults for U/cmr/m/n on input line 41.
LaTeX Font Info:    ... okay on input line 41.

(C:\Users\bas\AppData\Roaming\MiKTeX\2.9\tex\context\base\supp-pdf.mkii
[Loading MPS to PDF converter (version 2006.09.02).]
\scratchcounter=\count100
\scratchdimen=\dimen116
\scratchbox=\box30
\nofMPsegments=\count101
\nofMParguments=\count102
\everyMPshowfont=\toks20
\MPscratchCnt=\count103
\MPscratchDim=\dimen117
\MPnumerator=\count104
\makeMPintoPDFobject=\count105
\everyMPtoPDFconversion=\toks21
)
\c@lstlisting=\count106
Package caption Info: Begin \AtBeginDocument code.
Package caption Info: End \AtBeginDocument code.
LaTeX Font Info:    External font `cmex10' loaded for size
(Font)              <12> on input line 43.
LaTeX Font Info:    External font `cmex10' loaded for size
(Font)              <8> on input line 43.
LaTeX Font Info:    External font `cmex10' loaded for size
(Font)              <6> on input line 43.
 (chapters/01_abstract.tex [1

{C:/Users/bas/AppData/Local/MiKTeX/2.9/pdftex/config/pdftex.map}]) (chapters/02
_introduction.tex [2])
(chapters/03_related_work.tex [3]) (chapters/04_sequence_prediction.tex
[4] [5] <images/decision-tree.png, id=21, 649.92813pt x 409.02812pt>
File: images/decision-tree.png Graphic file (type png)

<use images/decision-tree.png>
Package pdftex.def Info: images/decision-tree.png used on input line 27.
(pdftex.def)             Requested size: 345.0pt x 217.12714pt.
 [6 <./images/decision-tree.png>])
(chapters/05_experiments_and_evaluation.tex [7] [8]
LaTeX Font Info:    Try loading font information for OMS+cmr on input line 23.

("C:\Program Files (x86)\MiKTeX 2.9\tex\latex\base\omscmr.fd"
File: omscmr.fd 2014/09/29 v2.5h Standard LaTeX font definitions
)
LaTeX Font Info:    Font shape `OMS/cmr/m/n' in size <10> not available
(Font)              Font shape `OMS/cmsy/m/n' tried instead on input line 23.

<charts/distribution_time_of_day.png, id=35, 663.47874pt x 400.49625pt>
File: charts/distribution_time_of_day.png Graphic file (type png)

<use charts/distribution_time_of_day.png>
Package pdftex.def Info: charts/distribution_time_of_day.png used on input line
 39.
(pdftex.def)             Requested size: 345.0pt x 208.25313pt.

<charts/day_of_month_distribution.png, id=36, 730.22812pt x 457.20813pt>
File: charts/day_of_month_distribution.png Graphic file (type png)

<use charts/day_of_month_distribution.png>
Package pdftex.def Info: charts/day_of_month_distribution.png used on input lin
e 45.
(pdftex.def)             Requested size: 345.0pt x 216.01105pt.

<charts/different_stations_per_user.png, id=37, 845.1575pt x 477.28313pt>
File: charts/different_stations_per_user.png Graphic file (type png)

<use charts/different_stations_per_user.png>
Package pdftex.def Info: charts/different_stations_per_user.png used on input l
ine 55.
(pdftex.def)             Requested size: 345.0pt x 194.83527pt.

<charts/stops_per_user.png, id=38, 866.23625pt x 520.94624pt>
File: charts/stops_per_user.png Graphic file (type png)

<use charts/stops_per_user.png>
Package pdftex.def Info: charts/stops_per_user.png used on input line 62.
(pdftex.def)             Requested size: 345.0pt x 207.47656pt.

<charts/persons_per_station.png, id=39, 788.44562pt x 465.74pt>
File: charts/persons_per_station.png Graphic file (type png)

<use charts/persons_per_station.png>
Package pdftex.def Info: charts/persons_per_station.png used on input line 68.
(pdftex.def)             Requested size: 345.0pt x 203.78917pt.
 [9] [10 <./charts/distribution_time_of_day.png> <./charts/day_of_month_distrib
ution.png>] [11 <./charts/different_stations_per_user.png> <./charts/stops_per_
user.png>]
<charts/distribution_stops_by_station.png, id=54, 664.4825pt x 391.96437pt>
File: charts/distribution_stops_by_station.png Graphic file (type png)

<use charts/distribution_stops_by_station.png>
Package pdftex.def Info: charts/distribution_stops_by_station.png used on input
 line 76.
(pdftex.def)             Requested size: 345.0pt x 203.51163pt.

<charts/number_stations_average_user.png, id=55, 594.22pt x 339.76938pt>
File: charts/number_stations_average_user.png Graphic file (type png)

<use charts/number_stations_average_user.png>
Package pdftex.def Info: charts/number_stations_average_user.png used on input 
line 82.
(pdftex.def)             Requested size: 345.0pt x 197.27374pt.
 [12 <./charts/persons_per_station.png> <./charts/distribution_stops_by_station
.png>] [13 <./charts/number_stations_average_user.png>]
LaTeX Font Info:    External font `cmex10' loaded for size
(Font)              <7> on input line 109.
LaTeX Font Info:    External font `cmex10' loaded for size
(Font)              <5> on input line 109.
 [14] [15] [16] [17] [18] [19] [20]
<files/all_users_combined/decision_tree_stas_line.png, id=91, 334.24875pt x 232
.36812pt>
File: files/all_users_combined/decision_tree_stas_line.png Graphic file (type p
ng)
 <use files/all_users_combined/decision_tree_stas_line.png>
Package pdftex.def Info: files/all_users_combined/decision_tree_stas_line.png u
sed on input line 242.
(pdftex.def)             Requested size: 241.49895pt x 167.89348pt.

<files/all_users_combined/decision_tree_stas_boxplot.png, id=92, 406.51875pt x 
232.87pt>
File: files/all_users_combined/decision_tree_stas_boxplot.png Graphic file (typ
e png)
 <use files/all_users_combined/decision_tree_stas_boxplot.png>
Package pdftex.def Info: files/all_users_combined/decision_tree_stas_boxplot.pn
g used on input line 242.
(pdftex.def)             Requested size: 238.05084pt x 136.36519pt.

Underfull \hbox (badness 10000) in paragraph at lines 228--244

 []


<files/all_users_combined/decision_tree_csta_ts_line.png, id=93, 334.24875pt x 
232.36812pt>
File: files/all_users_combined/decision_tree_csta_ts_line.png Graphic file (typ
e png)
 <use files/all_users_combined/decision_tree_csta_ts_line.png>
Package pdftex.def Info: files/all_users_combined/decision_tree_csta_ts_line.pn
g used on input line 259.
(pdftex.def)             Requested size: 241.49895pt x 167.89348pt.

<files/all_users_combined/decision_tree_csta_ts_boxplot.png, id=94, 406.51875pt
 x 232.87pt>
File: files/all_users_combined/decision_tree_csta_ts_boxplot.png Graphic file (
type png)
 <use files/all_users_combined/decision_tree_csta_ts_boxplot.png>
Package pdftex.def Info: files/all_users_combined/decision_tree_csta_ts_boxplot
.png used on input line 259.
(pdftex.def)             Requested size: 238.05084pt x 136.36519pt.

[21 <./files/all_users_combined/decision_tree_stas_line.png> <./files/all_users
_combined/decision_tree_stas_boxplot.png>]
<files/all_users_combined/decision_tree_all_line.png, id=100, 334.24875pt x 232
.36812pt>
File: files/all_users_combined/decision_tree_all_line.png Graphic file (type pn
g)
 <use files/all_users_combined/decision_tree_all_line.png>
Package pdftex.def Info: files/all_users_combined/decision_tree_all_line.png us
ed on input line 276.
(pdftex.def)             Requested size: 241.49895pt x 167.89348pt.

<files/all_users_combined/decision_tree_all_boxplot.png, id=101, 406.51875pt x 
232.87pt>
File: files/all_users_combined/decision_tree_all_boxplot.png Graphic file (type
 png)
 <use files/all_users_combined/decision_tree_all_boxplot.png>
Package pdftex.def Info: files/all_users_combined/decision_tree_all_boxplot.png
 used on input line 276.
(pdftex.def)             Requested size: 238.05084pt x 136.36519pt.

<files/all_users_combined/naive_bayes_stas_line.png, id=102, 334.24875pt x 232.
36812pt>
File: files/all_users_combined/naive_bayes_stas_line.png Graphic file (type png
)
 <use files/all_users_combined/naive_bayes_stas_line.png>
Package pdftex.def Info: files/all_users_combined/naive_bayes_stas_line.png use
d on input line 295.
(pdftex.def)             Requested size: 241.49895pt x 167.89348pt.

<files/all_users_combined/naive_bayes_stas_boxplot.png, id=103, 406.51875pt x 2
32.87pt>
File: files/all_users_combined/naive_bayes_stas_boxplot.png Graphic file (type 
png)
 <use files/all_users_combined/naive_bayes_stas_boxplot.png>
Package pdftex.def Info: files/all_users_combined/naive_bayes_stas_boxplot.png 
used on input line 295.
(pdftex.def)             Requested size: 238.05084pt x 136.36519pt.

Underfull \hbox (badness 10000) in paragraph at lines 281--297

 []

[22 <./files/all_users_combined/decision_tree_csta_ts_line.png> <./files/all_us
ers_combined/decision_tree_csta_ts_boxplot.png> <./files/all_users_combined/dec
ision_tree_all_line.png> <./files/all_users_combined/decision_tree_all_boxplot.
png>]
<files/all_users_combined/naive_bayes_csta_ts_line.png, id=111, 334.24875pt x 2
32.36812pt>
File: files/all_users_combined/naive_bayes_csta_ts_line.png Graphic file (type 
png)
 <use files/all_users_combined/naive_bayes_csta_ts_line.png>
Package pdftex.def Info: files/all_users_combined/naive_bayes_csta_ts_line.png 
used on input line 312.
(pdftex.def)             Requested size: 241.49895pt x 167.89348pt.

<files/all_users_combined/naive_bayes_csta_ts_boxplot.png, id=112, 406.51875pt 
x 232.87pt>
File: files/all_users_combined/naive_bayes_csta_ts_boxplot.png Graphic file (ty
pe png)
 <use files/all_users_combined/naive_bayes_csta_ts_boxplot.png>
Package pdftex.def Info: files/all_users_combined/naive_bayes_csta_ts_boxplot.p
ng used on input line 312.
(pdftex.def)             Requested size: 238.05084pt x 136.36519pt.

<files/all_users_combined/naive_bayes_all_line.png, id=113, 334.24875pt x 232.3
6812pt>
File: files/all_users_combined/naive_bayes_all_line.png Graphic file (type png)

 <use files/all_users_combined/naive_bayes_all_line.png>
Package pdftex.def Info: files/all_users_combined/naive_bayes_all_line.png used
 on input line 329.
(pdftex.def)             Requested size: 241.49895pt x 167.89348pt.

<files/all_users_combined/naive_bayes_all_boxplot.png, id=114, 406.51875pt x 23
2.87pt>
File: files/all_users_combined/naive_bayes_all_boxplot.png Graphic file (type p
ng)
 <use files/all_users_combined/naive_bayes_all_boxplot.png>
Package pdftex.def Info: files/all_users_combined/naive_bayes_all_boxplot.png u
sed on input line 329.
(pdftex.def)             Requested size: 238.05084pt x 136.36519pt.
 [23 <./files/all_users_combined/naive_bayes_stas_line.png> <./files/all_users_
combined/naive_bayes_stas_boxplot.png> <./files/all_users_combined/naive_bayes_
csta_ts_line.png> <./files/all_users_combined/naive_bayes_csta_ts_boxplot.png>]

<files/all_users_combined/mp_stas_line.png, id=122, 334.24875pt x 232.36812pt>
File: files/all_users_combined/mp_stas_line.png Graphic file (type png)

<use files/all_users_combined/mp_stas_line.png>
Package pdftex.def Info: files/all_users_combined/mp_stas_line.png used on inpu
t line 348.
(pdftex.def)             Requested size: 241.49895pt x 167.89348pt.

<files/all_users_combined/mp_stas_boxplot.png, id=123, 406.51875pt x 232.87pt>
File: files/all_users_combined/mp_stas_boxplot.png Graphic file (type png)

<use files/all_users_combined/mp_stas_boxplot.png>
Package pdftex.def Info: files/all_users_combined/mp_stas_boxplot.png used on i
nput line 348.
(pdftex.def)             Requested size: 238.05084pt x 136.36519pt.

Underfull \hbox (badness 10000) in paragraph at lines 334--350

 []


<files/all_users_combined/mp_csta_ts_line.png, id=124, 334.24875pt x 232.36812p
t>
File: files/all_users_combined/mp_csta_ts_line.png Graphic file (type png)
 <use files/all_users_combined/mp_csta_ts_line.png>
Package pdftex.def Info: files/all_users_combined/mp_csta_ts_line.png used on i
nput line 365.
(pdftex.def)             Requested size: 241.49895pt x 167.89348pt.

<files/all_users_combined/mp_csta_ts_boxplot.png, id=125, 406.51875pt x 232.87p
t>
File: files/all_users_combined/mp_csta_ts_boxplot.png Graphic file (type png)
 <use files/all_users_combined/mp_csta_ts_boxplot.png>
Package pdftex.def Info: files/all_users_combined/mp_csta_ts_boxplot.png used o
n input line 365.
(pdftex.def)             Requested size: 238.05084pt x 136.36519pt.
 [24 <./files/all_users_combined/naive_bayes_all_line.png> <./files/all_users_c
ombined/naive_bayes_all_boxplot.png> <./files/all_users_combined/mp_stas_line.p
ng> <./files/all_users_combined/mp_stas_boxplot.png>]
<files/all_users_combined/mp_all_line.png, id=133, 334.24875pt x 232.36812pt>
File: files/all_users_combined/mp_all_line.png Graphic file (type png)

<use files/all_users_combined/mp_all_line.png>
Package pdftex.def Info: files/all_users_combined/mp_all_line.png used on input
 line 382.
(pdftex.def)             Requested size: 241.49895pt x 167.89348pt.

<files/all_users_combined/mp_all_boxplot.png, id=134, 406.51875pt x 232.87pt>
File: files/all_users_combined/mp_all_boxplot.png Graphic file (type png)

<use files/all_users_combined/mp_all_boxplot.png>
Package pdftex.def Info: files/all_users_combined/mp_all_boxplot.png used on in
put line 382.
(pdftex.def)             Requested size: 238.05084pt x 136.36519pt.
 [25 <./files/all_users_combined/mp_csta_ts_line.png> <./files/all_users_combin
ed/mp_csta_ts_boxplot.png> <./files/all_users_combined/mp_all_line.png> <./file
s/all_users_combined/mp_all_boxplot.png>]
<files/high_vs_low_frequency/decision_tree_stas.png, id=143, 334.24875pt x 232.
36812pt>
File: files/high_vs_low_frequency/decision_tree_stas.png Graphic file (type png
)
 <use files/high_vs_low_frequency/decision_tree_stas.png>
Package pdftex.def Info: files/high_vs_low_frequency/decision_tree_stas.png use
d on input line 395.
(pdftex.def)             Requested size: 241.49895pt x 167.89348pt.

Underfull \hbox (badness 10000) in paragraph at lines 391--397

 []


<files/high_vs_low_frequency/decision_tree_csta_ts.png, id=144, 334.24875pt x 2
32.36812pt>
File: files/high_vs_low_frequency/decision_tree_csta_ts.png Graphic file (type 
png)
 <use files/high_vs_low_frequency/decision_tree_csta_ts.png>
Package pdftex.def Info: files/high_vs_low_frequency/decision_tree_csta_ts.png 
used on input line 402.
(pdftex.def)             Requested size: 241.49895pt x 167.89348pt.

[26 <./files/high_vs_low_frequency/decision_tree_stas.png>]
<files/high_vs_low_frequency/decision_tree_all.png, id=149, 334.24875pt x 232.3
6812pt>
File: files/high_vs_low_frequency/decision_tree_all.png Graphic file (type png)

 <use files/high_vs_low_frequency/decision_tree_all.png>
Package pdftex.def Info: files/high_vs_low_frequency/decision_tree_all.png used
 on input line 409.
(pdftex.def)             Requested size: 241.49895pt x 167.89348pt.

<files/high_vs_low_frequency/naive_bayes_stas.png, id=150, 334.24875pt x 232.36
812pt>
File: files/high_vs_low_frequency/naive_bayes_stas.png Graphic file (type png)
 <use files/high_vs_low_frequency/naive_bayes_stas.png>
Package pdftex.def Info: files/high_vs_low_frequency/naive_bayes_stas.png used 
on input line 418.
(pdftex.def)             Requested size: 241.49895pt x 167.89348pt.

Underfull \hbox (badness 10000) in paragraph at lines 414--420

 []

[27 <./files/high_vs_low_frequency/decision_tree_csta_ts.png> <./files/high_vs_
low_frequency/decision_tree_all.png>]
<files/high_vs_low_frequency/naive_bayes_csta_ts.png, id=156, 334.24875pt x 232
.36812pt>
File: files/high_vs_low_frequency/naive_bayes_csta_ts.png Graphic file (type pn
g)
 <use files/high_vs_low_frequency/naive_bayes_csta_ts.png>
Package pdftex.def Info: files/high_vs_low_frequency/naive_bayes_csta_ts.png us
ed on input line 425.
(pdftex.def)             Requested size: 241.49895pt x 167.89348pt.

<files/high_vs_low_frequency/naive_bayes_all.png, id=157, 334.24875pt x 232.368
12pt>
File: files/high_vs_low_frequency/naive_bayes_all.png Graphic file (type png)
 <use files/high_vs_low_frequency/naive_bayes_all.png>
Package pdftex.def Info: files/high_vs_low_frequency/naive_bayes_all.png used o
n input line 432.
(pdftex.def)             Requested size: 241.49895pt x 167.89348pt.
 [28 <./files/high_vs_low_frequency/naive_bayes_stas.png> <./files/high_vs_low_
frequency/naive_bayes_csta_ts.png>]
<files/high_vs_low_frequency/mp_stas.png, id=163, 334.24875pt x 232.36812pt>
File: files/high_vs_low_frequency/mp_stas.png Graphic file (type png)

<use files/high_vs_low_frequency/mp_stas.png>
Package pdftex.def Info: files/high_vs_low_frequency/mp_stas.png used on input 
line 441.
(pdftex.def)             Requested size: 241.49895pt x 167.89348pt.

Underfull \hbox (badness 10000) in paragraph at lines 437--443

 []


! LaTeX Error: File `files/high_vs_low_frequency/mp_csta_ts' not found.

See the LaTeX manual or LaTeX Companion for explanation.
Type  H <return>  for immediate help.
 ...                                              
                                                  
l.448 ...]{files/high_vs_low_frequency/mp_csta_ts}
                                                  
I could not locate the file with any of these extensions:
.png,.pdf,.jpg,.mps,.jpeg,.jbig2,.jb2,.PNG,.PDF,.JPG,.JPEG,.JBIG2,.JB2
Try typing  <return>  to proceed.
If that doesn't work, type  X <return>  to quit.

<files/high_vs_low_frequency/mp_all.png, id=164, 334.24875pt x 232.36812pt>
File: files/high_vs_low_frequency/mp_all.png Graphic file (type png)

<use files/high_vs_low_frequency/mp_all.png>
Package pdftex.def Info: files/high_vs_low_frequency/mp_all.png used on input l
ine 455.
(pdftex.def)             Requested size: 241.49895pt x 167.89348pt.
 [29 <./files/high_vs_low_frequency/naive_bayes_all.png> <./files/high_vs_low_f
requency/mp_stas.png>] [30 <./files/high_vs_low_frequency/mp_all.png>]
<files/all_users_combined_more_station/decision_tree_stas_line.png, id=174, 334
.24875pt x 232.36812pt>
File: files/all_users_combined_more_station/decision_tree_stas_line.png Graphic
 file (type png)

<use files/all_users_combined_more_station/decision_tree_stas_line.png>
Package pdftex.def Info: files/all_users_combined_more_station/decision_tree_st
as_line.png used on input line 476.
(pdftex.def)             Requested size: 241.49895pt x 167.89348pt.

<files/all_users_combined_more_station/decision_tree_stas_boxplot.png, id=175, 
406.51875pt x 232.87pt>
File: files/all_users_combined_more_station/decision_tree_stas_boxplot.png Grap
hic file (type png)

<use files/all_users_combined_more_station/decision_tree_stas_boxplot.png>
Package pdftex.def Info: files/all_users_combined_more_station/decision_tree_st
as_boxplot.png used on input line 476.
(pdftex.def)             Requested size: 238.05084pt x 136.36519pt.

Underfull \hbox (badness 10000) in paragraph at lines 462--478

 []


<files/all_users_combined_more_station/decision_tree_csta_ts_line.png, id=176, 
334.24875pt x 232.36812pt>
File: files/all_users_combined_more_station/decision_tree_csta_ts_line.png Grap
hic file (type png)

<use files/all_users_combined_more_station/decision_tree_csta_ts_line.png>
Package pdftex.def Info: files/all_users_combined_more_station/decision_tree_cs
ta_ts_line.png used on input line 493.
(pdftex.def)             Requested size: 241.49895pt x 167.89348pt.

<files/all_users_combined_more_station/decision_tree_csta_ts_boxplot.png, id=17
7, 406.51875pt x 232.87pt>
File: files/all_users_combined_more_station/decision_tree_csta_ts_boxplot.png G
raphic file (type png)

<use files/all_users_combined_more_station/decision_tree_csta_ts_boxplot.png>
Package pdftex.def Info: files/all_users_combined_more_station/decision_tree_cs
ta_ts_boxplot.png used on input line 493.
(pdftex.def)             Requested size: 238.05084pt x 136.36519pt.

<files/all_users_combined_more_station/decision_tree_all_line.png, id=178, 334.
24875pt x 232.36812pt>
File: files/all_users_combined_more_station/decision_tree_all_line.png Graphic 
file (type png)

<use files/all_users_combined_more_station/decision_tree_all_line.png>
Package pdftex.def Info: files/all_users_combined_more_station/decision_tree_al
l_line.png used on input line 510.
(pdftex.def)             Requested size: 241.49895pt x 167.89348pt.

<files/all_users_combined_more_station/decision_tree_all_boxplot.png, id=179, 4
06.51875pt x 232.87pt>
File: files/all_users_combined_more_station/decision_tree_all_boxplot.png Graph
ic file (type png)

<use files/all_users_combined_more_station/decision_tree_all_boxplot.png>
Package pdftex.def Info: files/all_users_combined_more_station/decision_tree_al
l_boxplot.png used on input line 510.
(pdftex.def)             Requested size: 238.05084pt x 136.36519pt.

[31 <./files/all_users_combined_more_station/decision_tree_stas_line.png> <./fi
les/all_users_combined_more_station/decision_tree_stas_boxplot.png> <./files/al
l_users_combined_more_station/decision_tree_csta_ts_line.png> <./files/all_user
s_combined_more_station/decision_tree_csta_ts_boxplot.png>]
<files/all_users_combined_more_station/naive_bayes_stas_line.png, id=188, 334.2
4875pt x 232.36812pt>
File: files/all_users_combined_more_station/naive_bayes_stas_line.png Graphic f
ile (type png)

<use files/all_users_combined_more_station/naive_bayes_stas_line.png>
Package pdftex.def Info: files/all_users_combined_more_station/naive_bayes_stas
_line.png used on input line 529.
(pdftex.def)             Requested size: 241.49895pt x 167.89348pt.

<files/all_users_combined_more_station/naive_bayes_stas_boxplot.png, id=189, 40
6.51875pt x 232.87pt>
File: files/all_users_combined_more_station/naive_bayes_stas_boxplot.png Graphi
c file (type png)

<use files/all_users_combined_more_station/naive_bayes_stas_boxplot.png>
Package pdftex.def Info: files/all_users_combined_more_station/naive_bayes_stas
_boxplot.png used on input line 529.
(pdftex.def)             Requested size: 238.05084pt x 136.36519pt.

Underfull \hbox (badness 10000) in paragraph at lines 515--531

 []


<files/all_users_combined_more_station/naive_bayes_csta_ts_line.png, id=190, 33
4.24875pt x 232.36812pt>
File: files/all_users_combined_more_station/naive_bayes_csta_ts_line.png Graphi
c file (type png)

<use files/all_users_combined_more_station/naive_bayes_csta_ts_line.png>
Package pdftex.def Info: files/all_users_combined_more_station/naive_bayes_csta
_ts_line.png used on input line 546.
(pdftex.def)             Requested size: 241.49895pt x 167.89348pt.

<files/all_users_combined_more_station/naive_bayes_csta_ts_boxplot.png, id=191,
 406.51875pt x 232.87pt>
File: files/all_users_combined_more_station/naive_bayes_csta_ts_boxplot.png Gra
phic file (type png)

<use files/all_users_combined_more_station/naive_bayes_csta_ts_boxplot.png>
Package pdftex.def Info: files/all_users_combined_more_station/naive_bayes_csta
_ts_boxplot.png used on input line 546.
(pdftex.def)             Requested size: 238.05084pt x 136.36519pt.

[32 <./files/all_users_combined_more_station/decision_tree_all_line.png> <./fil
es/all_users_combined_more_station/decision_tree_all_boxplot.png> <./files/all_
users_combined_more_station/naive_bayes_stas_line.png> <./files/all_users_combi
ned_more_station/naive_bayes_stas_boxplot.png>]
<files/all_users_combined_more_station/naive_bayes_all_line.png, id=199, 334.24
875pt x 232.36812pt>
File: files/all_users_combined_more_station/naive_bayes_all_line.png Graphic fi
le (type png)

<use files/all_users_combined_more_station/naive_bayes_all_line.png>
Package pdftex.def Info: files/all_users_combined_more_station/naive_bayes_all_
line.png used on input line 563.
(pdftex.def)             Requested size: 241.49895pt x 167.89348pt.

<files/all_users_combined_more_station/naive_bayes_all_boxplot.png, id=200, 406
.51875pt x 232.87pt>
File: files/all_users_combined_more_station/naive_bayes_all_boxplot.png Graphic
 file (type png)

<use files/all_users_combined_more_station/naive_bayes_all_boxplot.png>
Package pdftex.def Info: files/all_users_combined_more_station/naive_bayes_all_
boxplot.png used on input line 563.
(pdftex.def)             Requested size: 238.05084pt x 136.36519pt.
)
(chapters/06_conclusion.tex [33 <./files/all_users_combined_more_station/naive_
bayes_csta_ts_line.png> <./files/all_users_combined_more_station/naive_bayes_cs
ta_ts_boxplot.png> <./files/all_users_combined_more_station/naive_bayes_all_lin
e.png> <./files/all_users_combined_more_station/naive_bayes_all_boxplot.png>])
(chapters/07_future_work.tex [34] [35]) [36] (main.bbl) [37] (main.aux)

LaTeX Warning: Label(s) may have changed. Rerun to get cross-references right.

 ) 
Here is how much of TeX's memory you used:
 4569 strings out of 493634
 73239 string characters out of 3141321
 154566 words of memory out of 3000000
 7867 multiletter control sequences out of 15000+200000
 8361 words of font info for 30 fonts, out of 3000000 for 9000
 1025 hyphenation exceptions out of 8191
 42i,10n,40p,1613b,1627s stack positions out of 5000i,500n,10000p,200000b,50000s
<C:/Program Files (x86)/MiKTeX 2.9/fonts/type1/public/amsfonts/cm/cmbx10.pfb>
<C:/Program Files (x86)/MiKTeX 2.9/fonts/type1/public/amsfonts/cm/cmbx12.pfb><C
:/Program Files (x86)/MiKTeX 2.9/fonts/type1/public/amsfonts/cm/cmmi10.pfb><C:/
Program Files (x86)/MiKTeX 2.9/fonts/type1/public/amsfonts/cm/cmr10.pfb><C:/Pro
gram Files (x86)/MiKTeX 2.9/fonts/type1/public/amsfonts/cm/cmr12.pfb><C:/Progra
m Files (x86)/MiKTeX 2.9/fonts/type1/public/amsfonts/cm/cmr17.pfb><C:/Program F
iles (x86)/MiKTeX 2.9/fonts/type1/public/amsfonts/cm/cmr7.pfb><C:/Program Files
 (x86)/MiKTeX 2.9/fonts/type1/public/amsfonts/cm/cmsy10.pfb><C:/Program Files (
x86)/MiKTeX 2.9/fonts/type1/public/amsfonts/cm/cmtt9.pfb>
Output written on main.pdf (37 pages, 1641110 bytes).
PDF statistics:
 252 PDF objects out of 1000 (max. 8388607)
 0 named destinations out of 1000 (max. 500000)
 231 words of extra memory for PDF output out of 10000 (max. 10000000)

