\BOOKMARK [0][-]{chapter.1}{1 Introduction}{}% 1
\BOOKMARK [0][-]{chapter.2}{2 Related Work}{}% 2
\BOOKMARK [1][-]{section.2.1}{2.1 Data Analysis}{chapter.2}% 3
\BOOKMARK [1][-]{section.2.2}{2.2 Problem Description}{chapter.2}% 4
\BOOKMARK [1][-]{section.2.3}{2.3 Experiments and Evaluations}{chapter.2}% 5
\BOOKMARK [0][-]{chapter.3}{3 Problem description}{}% 6
\BOOKMARK [1][-]{section.3.1}{3.1 Sequence Prediction}{chapter.3}% 7
\BOOKMARK [1][-]{section.3.2}{3.2 Proposed Solutions}{chapter.3}% 8
\BOOKMARK [2][-]{subsection.3.2.1}{3.2.1 WEKA}{section.3.2}% 9
\BOOKMARK [2][-]{subsection.3.2.2}{3.2.2 Decision Trees}{section.3.2}% 10
\BOOKMARK [2][-]{subsection.3.2.3}{3.2.3 Naive Bayes}{section.3.2}% 11
\BOOKMARK [2][-]{subsection.3.2.4}{3.2.4 Multilayer Perceptron \(Neural Network\)}{section.3.2}% 12
\BOOKMARK [0][-]{chapter.4}{4 Experiments and Evaluation}{}% 13
\BOOKMARK [1][-]{section.4.1}{4.1 Introduction / Procedure}{chapter.4}% 14
\BOOKMARK [1][-]{section.4.2}{4.2 Data Set / Data Analysis}{chapter.4}% 15
\BOOKMARK [2][-]{subsection.4.2.1}{4.2.1 Data Set}{section.4.2}% 16
\BOOKMARK [2][-]{subsection.4.2.2}{4.2.2 Data Analysis}{section.4.2}% 17
\BOOKMARK [1][-]{section.4.3}{4.3 Naive Approach}{chapter.4}% 18
\BOOKMARK [2][-]{subsection.4.3.1}{4.3.1 Web GUI, Visual Representation}{section.4.3}% 19
\BOOKMARK [1][-]{section.4.4}{4.4 Machine Learning Preparation}{chapter.4}% 20
\BOOKMARK [2][-]{subsection.4.4.1}{4.4.1 Execution Plan}{section.4.4}% 21
\BOOKMARK [2][-]{subsection.4.4.2}{4.4.2 Data Preparation / Statistical Analysis}{section.4.4}% 22
\BOOKMARK [1][-]{section.4.5}{4.5 Machine Learning with WEKA}{chapter.4}% 23
\BOOKMARK [1][-]{section.4.6}{4.6 Experiments}{chapter.4}% 24
\BOOKMARK [2][-]{subsection.4.6.1}{4.6.1 Comparison of all users}{section.4.6}% 25
\BOOKMARK [2][-]{subsection.4.6.2}{4.6.2 Comparison of frequent versus non-frequent users}{section.4.6}% 26
\BOOKMARK [2][-]{subsection.4.6.3}{4.6.3 Comparison of all users with higher number of stations}{section.4.6}% 27
\BOOKMARK [1][-]{section.4.7}{4.7 Comparison of Results}{chapter.4}% 28
\BOOKMARK [2][-]{subsection.4.7.1}{4.7.1 Comparison of different algorithms}{section.4.7}% 29
\BOOKMARK [2][-]{subsection.4.7.2}{4.7.2 Comparison of different feature sets}{section.4.7}% 30
\BOOKMARK [2][-]{subsection.4.7.3}{4.7.3 Comparison of different experiments}{section.4.7}% 31
\BOOKMARK [2][-]{subsection.4.7.4}{4.7.4 Dimension of Data Set}{section.4.7}% 32
\BOOKMARK [0][-]{chapter.5}{5 Conclusion}{}% 33
\BOOKMARK [0][-]{chapter.6}{6 Future Work}{}% 34
